<?xml version="1.0" encoding="UTF-8"?>
<!-- Generated by org.testng.reporters.JUnitXMLReporter -->
<testsuite ignored="0" hostname="DESKTOP-6RO5I2B" failures="0" tests="5" name="Login Negative Test" time="9.37" errors="0" timestamp="05 Apr 2023 03:00:44 GMT">
  <testcase classname="mytests.LoginNegativeTest" name="loginNegativeTest" time="0.592"/>
  <testcase classname="mytests.LoginNegativeTest" name="loginNegativeTest" time="0.799"/>
  <testcase classname="mytests.LoginNegativeTest" name="loginNegativeTest" time="0.742"/>
  <testcase classname="mytests.LoginNegativeTest" name="loginNegativeTest" time="1.022"/>
  <testcase classname="mytests.LoginNegativeTest" name="loginNegativeTest" time="0.845"/>
</testsuite> <!-- Login Negative Test -->
