<?xml version="1.0" encoding="UTF-8"?>
<!-- Generated by org.testng.reporters.JUnitXMLReporter -->
<testsuite ignored="0" hostname="DESKTOP-6RO5I2B" failures="0" tests="3" name="OpenCart Search Test" time="9.234" errors="0" timestamp="05 Apr 2023 02:27:39 GMT">
  <testcase classname="mytests.SearchTest" name="searchTest" time="1.516"/>
  <testcase classname="mytests.SearchTest" name="searchTest" time="0.617"/>
  <testcase classname="mytests.SearchTest" name="searchTest" time="0.831"/>
</testsuite> <!-- OpenCart Search Test -->
